21.10.2020 13:01:31.043 [main] INFO   LogToFile - Just a log message.
21.10.2020 13:01:31.047 [main] DEBUG  LogToFile - Message for debug level.
21.10.2020 13:01:31.052 [main] ERROR  LogToFile - Failed to read file /file/does/not/exist.
java.nio.file.NoSuchFileException: \file\does\not\exist
	at java.base/sun.nio.fs.WindowsException.translateToIOException(WindowsException.java:85)
	at java.base/sun.nio.fs.WindowsException.rethrowAsIOException(WindowsException.java:103)
	at java.base/sun.nio.fs.WindowsException.rethrowAsIOException(WindowsException.java:108)
	at java.base/sun.nio.fs.WindowsFileSystemProvider.newByteChannel(WindowsFileSystemProvider.java:235)
	at java.base/java.nio.file.Files.newByteChannel(Files.java:373)
	at java.base/java.nio.file.Files.newByteChannel(Files.java:424)
	at java.base/java.nio.file.Files.readAllBytes(Files.java:3280)
	at LogToFile.main(LogToFile.java:20)
21.10.2020 13:12:25.947 [main] INFO   LogToFile - Just a log message.
21.10.2020 13:12:25.951 [main] DEBUG  LogToFile - Message for debug level.
21.10.2020 13:12:25.955 [main] ERROR  LogToFile - Failed to read file /file/does/not/exist.
java.nio.file.NoSuchFileException: \file\does\not\exist
	at java.base/sun.nio.fs.WindowsException.translateToIOException(WindowsException.java:85)
	at java.base/sun.nio.fs.WindowsException.rethrowAsIOException(WindowsException.java:103)
	at java.base/sun.nio.fs.WindowsException.rethrowAsIOException(WindowsException.java:108)
	at java.base/sun.nio.fs.WindowsFileSystemProvider.newByteChannel(WindowsFileSystemProvider.java:235)
	at java.base/java.nio.file.Files.newByteChannel(Files.java:373)
	at java.base/java.nio.file.Files.newByteChannel(Files.java:424)
	at java.base/java.nio.file.Files.readAllBytes(Files.java:3280)
	at LogToFile.main(LogToFile.java:20)
21.10.2020 13:13:23.176 [main] INFO   LogToFile - Just a log message.
21.10.2020 13:13:23.180 [main] DEBUG  LogToFile - Message for debug level.
21.10.2020 13:15:24.631 [main] INFO   LogToFile - Just a log message.
21.10.2020 13:15:24.635 [main] DEBUG  LogToFile - Message for debug level.
21.10.2020 13:15:24.635 [main] DEBUG  LogToFile - a<0
